# JRE version: OpenJDK Runtime Environment Temurin-17.0.7+7 (17.0.7+7) (build 17.0.7+7)
# Java VM: OpenJDK 64-Bit Server VM Temurin-17.0.7+7 (17.0.7+7, mixed mode, sharing, tiered, compressed oops, compressed class ptrs, g1 gc, windows-amd64)
GC Precious Log:
 CPUs: 12 total, 12 available
 Memory: 3405M
 Large Page Support: Disabled
 NUMA Support: Disabled
 Compressed Oops: Enabled (32-bit)
 Heap Region Size: 1M
 Heap Min Capacity: 8M
 Heap Initial Capacity: 54M
 Heap Max Capacity: 852M
 Pre-touch: Disabled
 Parallel Workers: 10
 Concurrent Workers: 3
 Concurrent Refinement Workers: 10
 Periodic GC: Disabled
Heap:
 garbage-first heap   total 114688K, used 80768K [0x00000000cac00000, 0x0000000100000000)
  region size 1024K, 52 young (53248K), 3 survivors (3072K)
 Metaspace       used 79802K, committed 80448K, reserved 1179648K
  class space    used 10883K, committed 11200K, reserved 1048576K
GC Heap History (20 events):
Event: 5.103 GC heap before
{Heap before GC invocations=7 (full 0):
 garbage-first heap   total 55296K, used 17065K [0x00000000cac00000, 0x0000000100000000)
  region size 1024K, 4 young (4096K), 3 survivors (3072K)
 Metaspace       used 25186K, committed 25472K, reserved 1114112K
  class space    used 3242K, committed 3392K, reserved 1048576K
}
Event: 5.111 GC heap after
{Heap after GC invocations=8 (full 0):
 garbage-first heap   total 66560K, used 16581K [0x00000000cac00000, 0x0000000100000000)
  region size 1024K, 1 young (1024K), 1 survivors (1024K)
 Metaspace       used 25186K, committed 25472K, reserved 1114112K
  class space    used 3242K, committed 3392K, reserved 1048576K
}
Event: 6.395 GC heap before
{Heap before GC invocations=8 (full 0):
 garbage-first heap   total 66560K, used 44229K [0x00000000cac00000, 0x0000000100000000)
  region size 1024K, 29 young (29696K), 1 survivors (1024K)
 Metaspace       used 31012K, committed 31424K, reserved 1114112K
  class space    used 4011K, committed 4160K, reserved 1048576K
}
Event: 6.410 GC heap after
{Heap after GC invocations=9 (full 0):
 garbage-first heap   total 66560K, used 19092K [0x00000000cac00000, 0x0000000100000000)
  region size 1024K, 3 young (3072K), 3 survivors (3072K)
 Metaspace       used 31012K, committed 31424K, reserved 1114112K
  class space    used 4011K, committed 4160K, reserved 1048576K
}
Event: 7.593 GC heap before
{Heap before GC invocations=9 (full 0):
 garbage-first heap   total 66560K, used 39572K [0x00000000cac00000, 0x0000000100000000)
  region size 1024K, 25 young (25600K), 3 survivors (3072K)
 Metaspace       used 35544K, committed 35968K, reserved 1114112K
  class space    used 4678K, committed 4928K, reserved 1048576K
}
Event: 7.635 GC heap after
{Heap after GC invocations=10 (full 0):
 garbage-first heap   total 66560K, used 20454K [0x00000000cac00000, 0x0000000100000000)
  region size 1024K, 2 young (2048K), 2 survivors (2048K)
 Metaspace       used 35544K, committed 35968K, reserved 1114112K
  class space    used 4678K, committed 4928K, reserved 1048576K
}
Event: 9.449 GC heap before
{Heap before GC invocations=11 (full 0):
 garbage-first heap   total 66560K, used 47078K [0x00000000cac00000, 0x0000000100000000)
  region size 1024K, 29 young (29696K), 2 survivors (2048K)
 Metaspace       used 46284K, committed 46720K, reserved 1114112K
  class space    used 6098K, committed 6336K, reserved 1048576K
}
Event: 9.455 GC heap after
{Heap after GC invocations=12 (full 0):
 garbage-first heap   total 66560K, used 22988K [0x00000000cac00000, 0x0000000100000000)
  region size 1024K, 4 young (4096K), 4 survivors (4096K)
 Metaspace       used 46284K, committed 46720K, reserved 1114112K
  class space    used 6098K, committed 6336K, reserved 1048576K
}
Event: 10.414 GC heap before
{Heap before GC invocations=12 (full 0):
 garbage-first heap   total 66560K, used 48588K [0x00000000cac00000, 0x0000000100000000)
  region size 1024K, 30 young (30720K), 4 survivors (4096K)
 Metaspace       used 52008K, committed 52480K, reserved 1114112K
  class space    used 6804K, committed 7040K, reserved 1048576K
}
Event: 10.420 GC heap after
{Heap after GC invocations=13 (full 0):
 garbage-first heap   total 66560K, used 24738K [0x00000000cac00000, 0x0000000100000000)
  region size 1024K, 2 young (2048K), 2 survivors (2048K)
 Metaspace       used 52008K, committed 52480K, reserved 1114112K
  class space    used 6804K, committed 7040K, reserved 1048576K
}
Event: 11.268 GC heap before
{Heap before GC invocations=13 (full 0):
 garbage-first heap   total 66560K, used 49314K [0x00000000cac00000, 0x0000000100000000)
  region size 1024K, 27 young (27648K), 2 survivors (2048K)
 Metaspace       used 58160K, committed 58624K, reserved 1114112K
  class space    used 7824K, committed 8064K, reserved 1048576K
}
Event: 11.271 GC heap after
{Heap after GC invocations=14 (full 0):
 garbage-first heap   total 66560K, used 25414K [0x00000000cac00000, 0x0000000100000000)
  region size 1024K, 3 young (3072K), 3 survivors (3072K)
 Metaspace       used 58160K, committed 58624K, reserved 1114112K
  class space    used 7824K, committed 8064K, reserved 1048576K
}
Event: 11.448 GC heap before
{Heap before GC invocations=14 (full 0):
 garbage-first heap   total 66560K, used 29510K [0x00000000cac00000, 0x0000000100000000)
  region size 1024K, 9 young (9216K), 3 survivors (3072K)
 Metaspace       used 59608K, committed 60096K, reserved 1114112K
  class space    used 8014K, committed 8256K, reserved 1048576K
}
Event: 11.455 GC heap after
{Heap after GC invocations=15 (full 0):
 garbage-first heap   total 66560K, used 26036K [0x00000000cac00000, 0x0000000100000000)
  region size 1024K, 2 young (2048K), 2 survivors (2048K)
 Metaspace       used 59608K, committed 60096K, reserved 1114112K
  class space    used 8014K, committed 8256K, reserved 1048576K
}
Event: 12.861 GC heap before
{Heap before GC invocations=16 (full 0):
 garbage-first heap   total 66560K, used 51636K [0x00000000cac00000, 0x0000000100000000)
  region size 1024K, 28 young (28672K), 2 survivors (2048K)
 Metaspace       used 65007K, committed 65536K, reserved 1114112K
  class space    used 8817K, committed 9088K, reserved 1048576K
}
Event: 12.873 GC heap after
{Heap after GC invocations=17 (full 0):
 garbage-first heap   total 66560K, used 27866K [0x00000000cac00000, 0x0000000100000000)
  region size 1024K, 4 young (4096K), 4 survivors (4096K)
 Metaspace       used 65007K, committed 65536K, reserved 1114112K
  class space    used 8817K, committed 9088K, reserved 1048576K
}
Event: 13.586 GC heap before
{Heap before GC invocations=17 (full 0):
 garbage-first heap   total 66560K, used 52442K [0x00000000cac00000, 0x0000000100000000)
  region size 1024K, 28 young (28672K), 4 survivors (4096K)
 Metaspace       used 68206K, committed 68736K, reserved 1114112K
  class space    used 9255K, committed 9536K, reserved 1048576K
}
Event: 13.606 GC heap after
{Heap after GC invocations=18 (full 0):
 garbage-first heap   total 66560K, used 30191K [0x00000000cac00000, 0x0000000100000000)
  region size 1024K, 3 young (3072K), 3 survivors (3072K)
 Metaspace       used 68206K, committed 68736K, reserved 1114112K
  class space    used 9255K, committed 9536K, reserved 1048576K
}
Event: 14.278 GC heap before
{Heap before GC invocations=18 (full 0):
 garbage-first heap   total 66560K, used 51695K [0x00000000cac00000, 0x0000000100000000)
  region size 1024K, 24 young (24576K), 3 survivors (3072K)
 Metaspace       used 70509K, committed 71040K, reserved 1114112K
  class space    used 9585K, committed 9856K, reserved 1048576K
}
Event: 14.286 GC heap after
{Heap after GC invocations=19 (full 0):
 garbage-first heap   total 114688K, used 32640K [0x00000000cac00000, 0x0000000100000000)
  region size 1024K, 3 young (3072K), 3 survivors (3072K)
 Metaspace       used 70509K, committed 71040K, reserved 1114112K
  class space    used 9585K, committed 9856K, reserved 1048576K
}

